<?xml version='1.0'?>
<ns2:test-suite xmlns:ns2='urn:model.allure.qatools.yandex.ru' start='1611821542115' stop='1611821639101'>
    <name>Make my trip test cases</name>
    <title>Make my trip test cases</title>
    <test-cases>
        <test-case start='1611821542117' status='broken' stop='1611821567279'>
            <name>Book a flight</name>
            <title>Book a flight</title>
            <labels>
                <label name='language' value='javascript'/>
                <label name='framework' value='wdio'/>
                <label name='thread' value='0-6'/>
            </labels>
            <parameters>
                <parameter kind='argument' name='browser' value='chrome-88.0.4324.104'/>
            </parameters>
            <steps/>
            <attachments/>
            <failure>
                <message>element click intercepted: Element &lt;div class="fsw_inputBox searchCity inactiveWidget ">...&lt;/div> is not clickable at point (171, 252). Other element would receive the click: &lt;div data-cy="outsideModal" class="loginModal displayBlock modalLogin dynHeight personal ">&lt;/div>
                  (Session info: chrome=88.0.4324.104)</message>
                <stack-trace>element click intercepted: Element &lt;div class="fsw_inputBox searchCity inactiveWidget ">...&lt;/div> is not clickable at point (171, 252). Other element would receive the click: &lt;div data-cy="outsideModal" class="loginModal displayBlock modalLogin dynHeight personal ">&lt;/div>
                  (Session info: chrome=88.0.4324.104)
                    at Object.getErrorFromResponseBody (C:\Users\Sahana\Desktop\MyTrip\node_modules\webdriver\build\utils.js:94:12)
                    at WebDriverRequest._request (C:\Users\Sahana\Desktop\MyTrip\node_modules\webdriver\build\request.js:134:31)
                    at processTicksAndRejections (node:internal/process/task_queues:93:5)
                    at async Element.elementErrorHandlerCallbackFn (C:\Users\Sahana\Desktop\MyTrip\node_modules\@wdio\runner\node_modules\webdriverio\build\middlewares.js:17:32)
                    at async Element.runCommandWithHooks (C:\Users\Sahana\Desktop\MyTrip\node_modules\@wdio\sync\build\wrapCommand.js:70:25)
                    at Element.runCommandWithHooks (C:\Users\Sahana\Desktop\MyTrip\node_modules\@wdio\sync\build\wrapCommand.js:65:24)
                    at Element.wrapCommandFn (C:\Users\Sahana\Desktop\MyTrip\node_modules\@wdio\sync\build\wrapCommand.js:44:44)
                    at Element.elementErrorHandlerCallback (C:\Users\Sahana\Desktop\MyTrip\node_modules\@wdio\runner\node_modules\webdriverio\build\middlewares.js:34:12)
                    at tripLoginPage.flightBookingTrip (C:\Users\Sahana\Desktop\MyTrip\test\pageobjects\tripLogin.page.js:16:30)
                    at Context.&lt;anonymous> (C:\Users\Sahana\Desktop\MyTrip\test\specs\tripSpecs.e2e.js:15:23)
                    at Context.executeSync (C:\Users\Sahana\Desktop\MyTrip\node_modules\@wdio\sync\build\index.js:25:22)
                    at C:\Users\Sahana\Desktop\MyTrip\node_modules\@wdio\sync\build\index.js:46:68</stack-trace>
            </failure>
        </test-case>
        <test-case start='1611821567280' status='broken' stop='1611821578107'>
            <name>Booking flight by checking price and flight details</name>
            <title>Booking flight by checking price and flight details</title>
            <labels>
                <label name='language' value='javascript'/>
                <label name='framework' value='wdio'/>
                <label name='thread' value='0-6'/>
            </labels>
            <parameters>
                <parameter kind='argument' name='browser' value='chrome-88.0.4324.104'/>
            </parameters>
            <steps/>
            <attachments/>
            <failure>
                <message>element click intercepted: Element &lt;div class="fsw_inputBox searchCity inactiveWidget ">...&lt;/div> is not clickable at point (245, 252). Other element would receive the click: &lt;div data-cy="outsideModal" class="loginModal displayBlock modalLogin dynHeight personal ">&lt;/div>
                  (Session info: chrome=88.0.4324.104)</message>
                <stack-trace>element click intercepted: Element &lt;div class="fsw_inputBox searchCity inactiveWidget ">...&lt;/div> is not clickable at point (245, 252). Other element would receive the click: &lt;div data-cy="outsideModal" class="loginModal displayBlock modalLogin dynHeight personal ">&lt;/div>
                  (Session info: chrome=88.0.4324.104)
                    at Object.getErrorFromResponseBody (C:\Users\Sahana\Desktop\MyTrip\node_modules\webdriver\build\utils.js:94:12)
                    at WebDriverRequest._request (C:\Users\Sahana\Desktop\MyTrip\node_modules\webdriver\build\request.js:134:31)
                    at processTicksAndRejections (node:internal/process/task_queues:93:5)
                    at async Element.elementErrorHandlerCallbackFn (C:\Users\Sahana\Desktop\MyTrip\node_modules\@wdio\runner\node_modules\webdriverio\build\middlewares.js:17:32)
                    at async Element.runCommandWithHooks (C:\Users\Sahana\Desktop\MyTrip\node_modules\@wdio\sync\build\wrapCommand.js:70:25)
                    at Element.runCommandWithHooks (C:\Users\Sahana\Desktop\MyTrip\node_modules\@wdio\sync\build\wrapCommand.js:65:24)
                    at Element.wrapCommandFn (C:\Users\Sahana\Desktop\MyTrip\node_modules\@wdio\sync\build\wrapCommand.js:44:44)
                    at Element.elementErrorHandlerCallback (C:\Users\Sahana\Desktop\MyTrip\node_modules\@wdio\runner\node_modules\webdriverio\build\middlewares.js:34:12)
                    at tripLoginPage.flightBooking (C:\Users\Sahana\Desktop\MyTrip\test\pageobjects\tripLogin.page.js:42:35)
                    at Context.&lt;anonymous> (C:\Users\Sahana\Desktop\MyTrip\test\specs\tripSpecs.e2e.js:40:37)
                    at Context.executeSync (C:\Users\Sahana\Desktop\MyTrip\node_modules\@wdio\sync\build\index.js:25:22)
                    at C:\Users\Sahana\Desktop\MyTrip\node_modules\@wdio\sync\build\index.js:46:68</stack-trace>
            </failure>
        </test-case>
        <test-case start='1611821578108' status='broken' stop='1611821639092'>
            <name>Logging into MakeMyTrip</name>
            <title>Logging into MakeMyTrip</title>
            <labels>
                <label name='language' value='javascript'/>
                <label name='framework' value='wdio'/>
                <label name='thread' value='0-6'/>
            </labels>
            <parameters>
                <parameter kind='argument' name='browser' value='chrome-88.0.4324.104'/>
            </parameters>
            <steps/>
            <attachments/>
            <failure>
                <message>Can't call setValue on element with selector "//input[@id="username"]" because element wasn't found</message>
                <stack-trace>Error: Can't call setValue on element with selector "//input[@id="username"]" because element wasn't found
                    at Object.implicitWait [as default] (C:\Users\Sahana\Desktop\MyTrip\node_modules\@wdio\runner\node_modules\webdriverio\build\utils\implicitWait.js:26:19)
                    at async Element.elementErrorHandlerCallbackFn (C:\Users\Sahana\Desktop\MyTrip\node_modules\@wdio\runner\node_modules\webdriverio\build\middlewares.js:13:29)
                    at async Element.runCommandWithHooks (C:\Users\Sahana\Desktop\MyTrip\node_modules\@wdio\sync\build\wrapCommand.js:70:25)
                    at Element.runCommandWithHooks (C:\Users\Sahana\Desktop\MyTrip\node_modules\@wdio\sync\build\wrapCommand.js:65:24)
                    at Element.wrapCommandFn (C:\Users\Sahana\Desktop\MyTrip\node_modules\@wdio\sync\build\wrapCommand.js:44:44)
                    at Element.elementErrorHandlerCallback (C:\Users\Sahana\Desktop\MyTrip\node_modules\@wdio\runner\node_modules\webdriverio\build\middlewares.js:34:12)
                    at tripLoginPage.login (C:\Users\Sahana\Desktop\MyTrip\test\pageobjects\tripLogin.page.js:33:26)
                    at Context.&lt;anonymous> (C:\Users\Sahana\Desktop\MyTrip\test\specs\tripSpecs.e2e.js:51:19)
                    at Context.executeSync (C:\Users\Sahana\Desktop\MyTrip\node_modules\@wdio\sync\build\index.js:25:22)
                    at C:\Users\Sahana\Desktop\MyTrip\node_modules\@wdio\sync\build\index.js:46:68</stack-trace>
            </failure>
        </test-case>
    </test-cases>
</ns2:test-suite>